<?xml version="1.0" encoding="utf-8"?><testsuites name="pytest tests"><testsuite name="pytest" errors="0" failures="0" skipped="0" tests="13" time="2.423" timestamp="2026-09-25T20:30:34.533330+00:00" hostname="hramatka"><testcase classname="tests.test_navsi200_captions.TestNavsi200CaptionsLedger" name="test_ledger_file_exists" time="0.732" /><testcase classname="tests.test_navsi200_captions.TestNavsi200CaptionsLedger" name="test_ledger_metadata_shape" time="0.035" /><testcase classname="tests.test_navsi200_captions.TestNavsi200CaptionsLedger" name="test_privacy_no_teacher_names_in_ledger" time="0.014" /><testcase classname="tests.test_navsi200_captions.TestNavsi200CaptionsLedger" name="test_privacy_no_verbatim_captions_in_ledger" time="0.017" /><testcase classname="tests.test_navsi200_captions.TestNavsi200CaptionsLedger" name="test_lessons_shape_and_types" time="0.012" /><testcase classname="tests.test_navsi200_captions.TestNavsi200CaptionsLedger" name="test_priority_ordering_in_ledger" time="0.013" /><testcase classname="tests.test_navsi200_captions.TestNavsi200CaptionsLedger" name="test_all_catalog_videos_accounted_for" time="0.019" /><testcase classname="tests.test_navsi200_captions.TestNavsi200CaptionsLedger" name="test_summary_consistency" time="0.019" /><testcase classname="tests.test_navsi200_asr_bakeoff.TestAsrBakeoffLedgerAndPrivacy" name="test_privacy_no_teacher_names_in_ledger" time="0.019" /><testcase classname="tests.test_navsi200_asr_bakeoff.TestAsrBakeoffLedgerAndPrivacy" name="test_privacy_no_verbatim_transcripts_in_ledger" time="0.013" /><testcase classname="tests.test_navsi200_asr_bakeoff.TestAsrBakeoffLedgerAndPrivacy" name="test_honest_accounting_in_ledger" time="0.016" /><testcase classname="tests.test_navsi200_asr_bakeoff.TestAsrBakeoffLedgerAndPrivacy" name="test_calibration_benchmark_metrics_present" time="0.012" /><testcase classname="tests.wiki.diagnostics.test_corpus_gaps" name="test_load_coverage_map_resolves_the_published_artifact" time="0.043" /></testsuite></testsuites>
