<?xml version="1.0" encoding="utf-8"?><testsuites name="pytest tests"><testsuite name="pytest" errors="0" failures="0" skipped="0" tests="2" time="1.338" timestamp="2026-09-26T14:24:42.323488+00:00" hostname="hramatka"><testcase classname="tests.test_miyklas_relation_miner" name="test_cleaned_artifact_has_no_known_label_or_chopped_headwords" time="0.064" /><testcase classname="tests.test_ohoiko_paired_headword_split" name="test_taught_residual_census_artifact_file_integrity" time="0.033" /></testsuite></testsuites>
